This is pdfTeX, Version 3.14159265-2.6-1.40.16 (TeX Live 2015/Debian) (preloaded format=pdflatex 2017.7.19)  19 JUL 2017 21:06
entering extended mode
 restricted \write18 enabled.
 %&-line parsing enabled.
**LaTex_doc_practice.tex
(./LaTex_doc_practice.tex
LaTeX2e <2016/02/01>
Babel <3.9q> and hyphenation patterns for 81 language(s) loaded.
(/usr/share/texlive/texmf-dist/tex/latex/base/article.cls
Document Class: article 2014/09/29 v1.4h Standard LaTeX document class
(/usr/share/texlive/texmf-dist/tex/latex/base/size10.clo
File: size10.clo 2014/09/29 v1.4h Standard LaTeX file (size option)
)
\c@part=\count79
\c@section=\count80
\c@subsection=\count81
\c@subsubsection=\count82
\c@paragraph=\count83
\c@subparagraph=\count84
\c@figure=\count85
\c@table=\count86
\abovecaptionskip=\skip41
\belowcaptionskip=\skip42
\bibindent=\dimen102
)
(/usr/share/texlive/texmf-dist/tex/plain/graphics-pln/graphicx.tex
(/usr/share/texlive/texmf-dist/tex/plain/graphics-pln/miniltx.tex
\@tempcnta=\count87
\@tempcntb=\count88
\@tempdima=\dimen103
\@tempdimb=\dimen104
\@tempdimc=\dimen105
\@tempboxa=\box26
\@tempskipa=\skip43
\@tempskipb=\skip44
\@temptokena=\toks14


\filename@parse was defined in texsys.cfg:
\let \filename@area \@empty \expandafter \filename@path #1/\\.

\leftmarginv=\dimen106
\leftmarginvi=\dimen107
\@ovxx=\dimen108
\@ovyy=\dimen109
\@ovdx=\dimen110
\@ovdy=\dimen111
\@ovro=\dimen112
\@ovri=\dimen113
\@xdim=\dimen114
\@ydim=\dimen115
\@linelen=\dimen116
\@dashdim=\dimen117
\fboxsep=\dimen118
\fboxrule=\dimen119
)
(/usr/share/texlive/texmf-dist/tex/latex/graphics/graphicx.sty
graphicx: 2014/10/28 v1.0g Enhanced LaTeX Graphics (DPC,SPQR)

(/usr/share/texlive/texmf-dist/tex/latex/graphics/keyval.sty
keyval: 2014/10/28 v1.15 key=value parser (DPC)
\KV@toks@=\toks15
)
(/usr/share/texlive/texmf-dist/tex/latex/graphics/graphics.sty
graphics: 2016/01/03 v1.0q Standard LaTeX Graphics (DPC,SPQR)

(/usr/share/texlive/texmf-dist/tex/latex/graphics/trig.sty
trig: 2016/01/03 v1.10 sin cos tan (DPC)
)
(/usr/share/texlive/texmf-dist/tex/latex/latexconfig/graphics.cfg
graphics.cfg: 2010/04/23 v1.9 graphics configuration of TeX Live
)
graphics: Driver file: pdftex.def

(/usr/share/texlive/texmf-dist/tex/latex/pdftex-def/pdftex.def
pdftex.def: 2011/05/27 v0.06d Graphics/color for pdfTeX

(/usr/share/texlive/texmf-dist/tex/generic/oberdiek/infwarerr.sty
infwarerr: 2010/04/08 v1.3 Providing info/warning/error messages (HO)
)
(/usr/share/texlive/texmf-dist/tex/generic/oberdiek/ltxcmds.sty
ltxcmds: 2011/11/09 v1.22 LaTeX kernel commands for general use (HO)
)
\Gread@gobject=\count89

(/usr/share/texlive/texmf-dist/tex/context/base/supp-pdf.mkii
[Loading MPS to PDF converter (version 2006.09.02).]
\scratchcounter=\count90
\scratchdimen=\dimen120
\scratchbox=\box27
\nofMPsegments=\count91
\nofMParguments=\count92
\everyMPshowfont=\toks16
\MPscratchCnt=\count93
\MPscratchDim=\dimen121
\MPnumerator=\count94
\makeMPintoPDFobject=\count95
\everyMPtoPDFconversion=\toks17
)))
\Gin@req@height=\dimen122
\Gin@req@width=\dimen123
)) (./LaTex_doc_practice.aux)
\openout1 = `LaTex_doc_practice.aux'.

LaTeX Font Info:    Checking defaults for OML/cmm/m/it on input line 7.
LaTeX Font Info:    ... okay on input line 7.
LaTeX Font Info:    Checking defaults for T1/cmr/m/n on input line 7.
LaTeX Font Info:    ... okay on input line 7.
LaTeX Font Info:    Checking defaults for OT1/cmr/m/n on input line 7.
LaTeX Font Info:    ... okay on input line 7.
LaTeX Font Info:    Checking defaults for OMS/cmsy/m/n on input line 7.
LaTeX Font Info:    ... okay on input line 7.
LaTeX Font Info:    Checking defaults for OMX/cmex/m/n on input line 7.
LaTeX Font Info:    ... okay on input line 7.
LaTeX Font Info:    Checking defaults for U/cmr/m/n on input line 7.
LaTeX Font Info:    ... okay on input line 7.

</home/anton/Work/1.png, id=1, 463.7325pt x 175.40532pt>
/home/anton/Work/1.png: Graphic file (type png)

<use /home/anton/Work/1.png>
! Argument of \@gobble has an extra }.
<inserted text> 
                \par 
l.9 \includegraphics{1}
                       
I've run across a `}' that doesn't seem to match anything.
For example, `\def\a#1{...}' and `\a}' would produce
this error. If you simply proceed now, the `\par' that
I've just inserted will cause me to report a runaway
argument that might be the root of the problem. But if
your `}' was spurious, just type `2' and it will go away.

Runaway argument?
! Paragraph ended before \@gobble was complete.
<to be read again> 
                   \par 
l.9 \includegraphics{1}
                       
I suspect you've forgotten a `}', causing me to apply this
control sequence to too much text. How can we recover?
My plan is to forget the whole thing and hope for the best.

pdftex.def: /home/anton/Work/1.png used on input line 9.\MessageBreak Requested
 size: 463.73135pt x 175.40488pt\par 

Overfull \hbox (133.73135pt too wide) in paragraph at lines 9--10
[][] 
 []

[1

{/var/lib/texmf/fonts/map/pdftex/updmap/pdftex.map} </home/anton/Work/1.png>] (
./LaTex_doc_practice.aux) ) 
Here is how much of TeX's memory you used:
 1069 strings out of 493029
 14345 string characters out of 6136234
 67078 words of memory out of 5000000
 4650 multiletter control sequences out of 15000+600000
 3640 words of font info for 14 fonts, out of 8000000 for 9000
 1141 hyphenation exceptions out of 8191
 23i,4n,19p,266b,107s stack positions out of 5000i,500n,10000p,200000b,80000s
</usr/share/texlive/texmf-dist/fonts/type1/public/am
sfonts/cm/cmr10.pfb>
Output written on LaTex_doc_practice.pdf (1 page, 67068 bytes).
PDF statistics:
 15 PDF objects out of 1000 (max. 8388607)
 8 compressed objects within 1 object stream
 0 named destinations out of 1000 (max. 500000)
 6 words of extra memory for PDF output out of 10000 (max. 10000000)

